<?xml version="1.0" encoding="UTF-8"?>
<testsuite xmlns:xsi="http://www.w3.org/2001/XMLSchema-instance" xsi:noNamespaceSchemaLocation="https://maven.apache.org/surefire/maven-surefire-plugin/xsd/surefire-test-report.xsd" version="3.0.1" name="TestSuite" time="0.684" tests="1" errors="0" skipped="0" failures="0">
  <properties>
[...]
</properties>
  <testcase name="verifyGetUser" classname="com.restassured.framework.tests.GetUserTest" time="0.457">
    <system-out><![CDATA[https://reqres.in
/api
Response : {
    "data": {
        "id": 2,
        "email": "janet.weaver@reqres.in",
        "first_name": "Janet",
        "last_name": "Weaver",
        "avatar": "https://reqres.in/img/faces/2-image.jpg"
    },
    "support": {
        "url": "https://contentcaddy.io?utm_source=reqres&utm_medium=json&utm_campaign=referral",
        "text": "Tired of writing endless social media content? Let Content Caddy generate it for you."
    },
    "_meta": {
        "powered_by": "🚀 ReqRes - Deploy backends in 30 seconds",
        "upgrade_url": "https://app.reqres.in/upgrade",
        "docs_url": "https://reqres.in",
        "template_gallery": "https://app.reqres.in/templates",
        "message": "This API is powered by ReqRes. Deploy your own backend in 30 seconds!",
        "features": [
            "30 Second Backend Templates",
            "Custom API Endpoints",
            "Data Persistence",
            "Real-time Analytics"
        ],
        "upgrade_cta": "Upgrade to Pro for unlimited requests, custom endpoints, and data persistence"
    }
}
]]></system-out>
    <system-err><![CDATA[SLF4J: Failed to load class "org.slf4j.impl.StaticLoggerBinder".
SLF4J: Defaulting to no-operation (NOP) logger implementation
SLF4J: See http://www.slf4j.org/codes.html#StaticLoggerBinder for further details.
]]></system-err>
  </testcase>
</testsuite>