<?xml version="1.0" encoding="UTF-8"?>
<testng-results ignored="0" total="1" passed="1" failed="0" skipped="0">
  <reporter-output>
  </reporter-output>
  <suite started-at="2025-11-06T12:27:57 IST" name="Surefire suite" finished-at="2025-11-06T12:27:57 IST" duration-ms="579">
    <groups>
    </groups>
    <test started-at="2025-11-06T12:27:57 IST" name="Surefire test" finished-at="2025-11-06T12:27:57 IST" duration-ms="579">
      <class name="com.restassured.framework.tests.GetUserTest">
        <test-method is-config="true" signature="setup()[pri:0, instance:com.restassured.framework.tests.GetUserTest@1a052a00]" started-at="2025-11-06T12:27:57 IST" name="setup" finished-at="2025-11-06T12:27:57 IST" duration-ms="115" status="PASS">
          <reporter-output>
          </reporter-output>
        </test-method> <!-- setup -->
        <test-method signature="verifyGetUser()[pri:0, instance:com.restassured.framework.tests.GetUserTest@1a052a00]" started-at="2025-11-06T12:27:57 IST" name="verifyGetUser" finished-at="2025-11-06T12:27:57 IST" duration-ms="457" status="PASS">
          <reporter-output>
          </reporter-output>
        </test-method> <!-- verifyGetUser -->
      </class> <!-- com.restassured.framework.tests.GetUserTest -->
    </test> <!-- Surefire test -->
  </suite> <!-- Surefire suite -->
</testng-results>
