<?xml version="1.0" encoding="UTF-8"?>
<testng-results ignored="0" total="1" passed="1" failed="0" skipped="0">
  <reporter-output>
  </reporter-output>
  <suite started-at="2025-11-03T19:06:28 IST" name="RestAssuredSuite" finished-at="2025-11-03T19:06:29 IST" duration-ms="530">
    <groups>
    </groups>
    <test started-at="2025-11-03T19:06:28 IST" name="API Tests" finished-at="2025-11-03T19:06:29 IST" duration-ms="530">
      <class name="com.restassured.framework.tests.GetUserTest">
        <test-method is-config="true" signature="setup()[pri:0, instance:com.restassured.framework.tests.GetUserTest@6580cfdd]" started-at="2025-11-03T19:06:28 IST" name="setup" finished-at="2025-11-03T19:06:29 IST" duration-ms="100" status="PASS">
          <reporter-output>
          </reporter-output>
        </test-method> <!-- setup -->
        <test-method signature="verifyGetUser()[pri:0, instance:com.restassured.framework.tests.GetUserTest@6580cfdd]" started-at="2025-11-03T19:06:29 IST" name="verifyGetUser" finished-at="2025-11-03T19:06:29 IST" duration-ms="422" status="PASS">
          <reporter-output>
          </reporter-output>
        </test-method> <!-- verifyGetUser -->
      </class> <!-- com.restassured.framework.tests.GetUserTest -->
    </test> <!-- API Tests -->
  </suite> <!-- RestAssuredSuite -->
</testng-results>
